<?xml version="1.0" encoding="UTF-8"?>
<testsuite xmlns:xsi="http://www.w3.org/2001/XMLSchema-instance" xsi:noNamespaceSchemaLocation="https://maven.apache.org/surefire/maven-surefire-plugin/xsd/surefire-test-report.xsd" version="3.0.2" name="theHindustanLive.TheHindustanLiveApplicationTests" time="13.74" tests="1" errors="0" skipped="0" failures="0">
  <properties>
[...]
</properties>
  <testcase name="contextLoads" classname="theHindustanLive.TheHindustanLiveApplicationTests" time="2.673">
    <system-out><![CDATA[17:00:24.814 [main] INFO org.springframework.test.context.support.AnnotationConfigContextLoaderUtils -- Could not detect default configuration classes for test class [theHindustanLive.TheHindustanLiveApplicationTests]: TheHindustanLiveApplicationTests does not declare any static, non-private, non-final, nested classes annotated with @Configuration.
17:00:25.124 [main] INFO org.springframework.boot.test.context.SpringBootTestContextBootstrapper -- Found @SpringBootConfiguration theHindustanLive.TheHindustanLiveApplication for test class theHindustanLive.TheHindustanLiveApplicationTests
17:00:25.898 [main] INFO org.springframework.boot.devtools.restart.RestartApplicationListener -- Restart disabled due to context in which it is running

  .   ____          _            __ _ _
 /\\ / ___'_ __ _ _(_)_ __  __ _ \ \ \ \
( ( )\___ | '_ | '_| | '_ \/ _` | \ \ \ \
 \\/  ___)| |_)| | | | | || (_| |  ) ) ) )
  '  |____| .__|_| |_|_| |_\__, | / / / /
 =========|_|==============|___/=/_/_/_/

 :: Spring Boot ::                (v3.4.0)

2025-01-16T17:00:27.306+05:30  INFO 10020 --- [TheHindustanLive] [           main] t.TheHindustanLiveApplicationTests       : Starting TheHindustanLiveApplicationTests using Java 17.0.11 with PID 10020 (started by DELL in e:\hindustanlive\Hindustan backend\hindustan-live)
2025-01-16T17:00:27.311+05:30  INFO 10020 --- [TheHindustanLive] [           main] t.TheHindustanLiveApplicationTests       : No active profile set, falling back to 1 default profile: "default"
2025-01-16T17:00:29.395+05:30  INFO 10020 --- [TheHindustanLive] [           main] .s.d.r.c.RepositoryConfigurationDelegate : Bootstrapping Spring Data Reactive MongoDB repositories in DEFAULT mode.
2025-01-16T17:00:29.743+05:30  INFO 10020 --- [TheHindustanLive] [           main] .s.d.r.c.RepositoryConfigurationDelegate : Finished Spring Data repository scanning in 319 ms. Found 0 Reactive MongoDB repository interfaces.
2025-01-16T17:00:29.763+05:30  INFO 10020 --- [TheHindustanLive] [           main] .s.d.r.c.RepositoryConfigurationDelegate : Bootstrapping Spring Data MongoDB repositories in DEFAULT mode.
2025-01-16T17:00:29.827+05:30  INFO 10020 --- [TheHindustanLive] [           main] .s.d.r.c.RepositoryConfigurationDelegate : Finished Spring Data repository scanning in 58 ms. Found 2 MongoDB repository interfaces.
2025-01-16T17:00:31.913+05:30  INFO 10020 --- [TheHindustanLive] [sd6.mongodb.net] org.mongodb.driver.cluster               : Adding discovered server cluster0-shard-00-00.irsd6.mongodb.net:27017 to client view of cluster
2025-01-16T17:00:32.011+05:30  INFO 10020 --- [TheHindustanLive] [           main] org.mongodb.driver.client                : MongoClient with metadata {"driver": {"name": "mongo-java-driver|sync|spring-boot", "version": "5.2.1"}, "os": {"type": "Windows", "name": "Windows 10", "architecture": "amd64", "version": "10.0"}, "platform": "Java/Oracle Corporation/17.0.11+7-LTS-207"} created with settings MongoClientSettings{readPreference=primary, writeConcern=WriteConcern{w=majority, wTimeout=null ms, journal=null}, retryWrites=true, retryReads=true, readConcern=ReadConcern{level=null}, credential=MongoCredential{mechanism=null, userName='hindustanlive', source='admin', password=<hidden>, mechanismProperties=<hidden>}, transportSettings=null, commandListeners=[], codecRegistry=ProvidersCodecRegistry{codecProviders=[ValueCodecProvider{}, BsonValueCodecProvider{}, DBRefCodecProvider{}, DBObjectCodecProvider{}, DocumentCodecProvider{}, CollectionCodecProvider{}, IterableCodecProvider{}, MapCodecProvider{}, GeoJsonCodecProvider{}, GridFSFileCodecProvider{}, Jsr310CodecProvider{}, JsonObjectCodecProvider{}, BsonCodecProvider{}, EnumCodecProvider{}, com.mongodb.client.model.mql.ExpressionCodecProvider@fd413fb, com.mongodb.Jep395RecordCodecProvider@1e1232cf, com.mongodb.KotlinCodecProvider@6f6efa4f]}, loggerSettings=LoggerSettings{maxDocumentLength=1000}, clusterSettings={hosts=[127.0.0.1:27017], srvHost=cluster0.irsd6.mongodb.net, srvServiceName=mongodb, mode=MULTIPLE, requiredClusterType=REPLICA_SET, requiredReplicaSetName='atlas-144l31-shard-0', serverSelector='null', clusterListeners='[]', serverSelectionTimeout='30000 ms', localThreshold='15 ms'}, socketSettings=SocketSettings{connectTimeoutMS=10000, readTimeoutMS=0, receiveBufferSize=0, proxySettings=ProxySettings{host=null, port=null, username=null, password=null}}, heartbeatSocketSettings=SocketSettings{connectTimeoutMS=10000, readTimeoutMS=10000, receiveBufferSize=0, proxySettings=ProxySettings{host=null, port=null, username=null, password=null}}, connectionPoolSettings=ConnectionPoolSettings{maxSize=100, minSize=0, maxWaitTimeMS=120000, maxConnectionLifeTimeMS=0, maxConnectionIdleTimeMS=0, maintenanceInitialDelayMS=0, maintenanceFrequencyMS=60000, connectionPoolListeners=[], maxConnecting=2}, serverSettings=ServerSettings{heartbeatFrequencyMS=10000, minHeartbeatFrequencyMS=500, serverMonitoringMode=AUTO, serverListeners='[]', serverMonitorListeners='[]'}, sslSettings=SslSettings{enabled=true, invalidHostNameAllowed=false, context=null}, applicationName='null', compressorList=[], uuidRepresentation=JAVA_LEGACY, serverApi=null, autoEncryptionSettings=null, dnsClient=null, inetAddressResolver=null, contextProvider=null, timeoutMS=null}
2025-01-16T17:00:32.045+05:30  INFO 10020 --- [TheHindustanLive] [sd6.mongodb.net] org.mongodb.driver.cluster               : Adding discovered server cluster0-shard-00-02.irsd6.mongodb.net:27017 to client view of cluster
2025-01-16T17:00:32.058+05:30  INFO 10020 --- [TheHindustanLive] [sd6.mongodb.net] org.mongodb.driver.cluster               : Adding discovered server cluster0-shard-00-01.irsd6.mongodb.net:27017 to client view of cluster
2025-01-16T17:00:33.722+05:30  INFO 10020 --- [TheHindustanLive] [ngodb.net:27017] org.mongodb.driver.cluster               : Monitor thread successfully connected to server with description ServerDescription{address=cluster0-shard-00-02.irsd6.mongodb.net:27017, type=REPLICA_SET_PRIMARY, cryptd=false, state=CONNECTED, ok=true, minWireVersion=0, maxWireVersion=25, maxDocumentSize=16777216, logicalSessionTimeoutMinutes=30, roundTripTimeNanos=896610500, minRoundTripTimeNanos=0, setName='atlas-144l31-shard-0', canonicalAddress=cluster0-shard-00-02.irsd6.mongodb.net:27017, hosts=[cluster0-shard-00-01.irsd6.mongodb.net:27017, cluster0-shard-00-02.irsd6.mongodb.net:27017, cluster0-shard-00-00.irsd6.mongodb.net:27017], passives=[], arbiters=[], primary='cluster0-shard-00-02.irsd6.mongodb.net:27017', tagSet=TagSet{[Tag{name='availabilityZone', value='aps1-az2'}, Tag{name='diskState', value='READY'}, Tag{name='nodeType', value='ELECTABLE'}, Tag{name='provider', value='AWS'}, Tag{name='region', value='AP_SOUTH_1'}, Tag{name='workloadType', value='OPERATIONAL'}]}, electionId=7fffffff00000000000000a8, setVersion=199, topologyVersion=TopologyVersion{processId=6788c27b5474858d6fe09782, counter=6}, lastWriteDate=Thu Jan 16 17:00:32 IST 2025, lastUpdateTimeNanos=414635815800}
2025-01-16T17:00:33.723+05:30  INFO 10020 --- [TheHindustanLive] [ngodb.net:27017] org.mongodb.driver.cluster               : Monitor thread successfully connected to server with description ServerDescription{address=cluster0-shard-00-00.irsd6.mongodb.net:27017, type=REPLICA_SET_SECONDARY, cryptd=false, state=CONNECTED, ok=true, minWireVersion=0, maxWireVersion=25, maxDocumentSize=16777216, logicalSessionTimeoutMinutes=30, roundTripTimeNanos=894802800, minRoundTripTimeNanos=0, setName='atlas-144l31-shard-0', canonicalAddress=cluster0-shard-00-00.irsd6.mongodb.net:27017, hosts=[cluster0-shard-00-01.irsd6.mongodb.net:27017, cluster0-shard-00-02.irsd6.mongodb.net:27017, cluster0-shard-00-00.irsd6.mongodb.net:27017], passives=[], arbiters=[], primary='cluster0-shard-00-02.irsd6.mongodb.net:27017', tagSet=TagSet{[Tag{name='availabilityZone', value='aps1-az1'}, Tag{name='diskState', value='READY'}, Tag{name='nodeType', value='ELECTABLE'}, Tag{name='provider', value='AWS'}, Tag{name='region', value='AP_SOUTH_1'}, Tag{name='workloadType', value='OPERATIONAL'}]}, electionId=null, setVersion=199, topologyVersion=TopologyVersion{processId=6788c388272e0412e07941e7, counter=4}, lastWriteDate=Thu Jan 16 17:00:32 IST 2025, lastUpdateTimeNanos=414633696400}
2025-01-16T17:00:33.724+05:30  INFO 10020 --- [TheHindustanLive] [ngodb.net:27017] org.mongodb.driver.cluster               : Monitor thread successfully connected to server with description ServerDescription{address=cluster0-shard-00-01.irsd6.mongodb.net:27017, type=REPLICA_SET_SECONDARY, cryptd=false, state=CONNECTED, ok=true, minWireVersion=0, maxWireVersion=25, maxDocumentSize=16777216, logicalSessionTimeoutMinutes=30, roundTripTimeNanos=897493300, minRoundTripTimeNanos=0, setName='atlas-144l31-shard-0', canonicalAddress=cluster0-shard-00-01.irsd6.mongodb.net:27017, hosts=[cluster0-shard-00-01.irsd6.mongodb.net:27017, cluster0-shard-00-02.irsd6.mongodb.net:27017, cluster0-shard-00-00.irsd6.mongodb.net:27017], passives=[], arbiters=[], primary='cluster0-shard-00-02.irsd6.mongodb.net:27017', tagSet=TagSet{[Tag{name='availabilityZone', value='aps1-az3'}, Tag{name='diskState', value='READY'}, Tag{name='nodeType', value='ELECTABLE'}, Tag{name='provider', value='AWS'}, Tag{name='region', value='AP_SOUTH_1'}, Tag{name='workloadType', value='OPERATIONAL'}]}, electionId=null, setVersion=199, topologyVersion=TopologyVersion{processId=6788c4daee254af8fdbdfb87, counter=3}, lastWriteDate=Thu Jan 16 17:00:32 IST 2025, lastUpdateTimeNanos=414633569600}
2025-01-16T17:00:33.730+05:30  INFO 10020 --- [TheHindustanLive] [ngodb.net:27017] org.mongodb.driver.cluster               : Discovered replica set primary cluster0-shard-00-02.irsd6.mongodb.net:27017 with max election id 7fffffff00000000000000a8 and max set version 199
2025-01-16T17:00:34.965+05:30  INFO 10020 --- [TheHindustanLive] [           main] org.mongodb.driver.client                : MongoClient with metadata {"driver": {"name": "mongo-java-driver|reactive-streams|spring-boot", "version": "5.2.1"}, "os": {"type": "Windows", "name": "Windows 10", "architecture": "amd64", "version": "10.0"}, "platform": "Java/Oracle Corporation/17.0.11+7-LTS-207"} created with settings MongoClientSettings{readPreference=primary, writeConcern=WriteConcern{w=majority, wTimeout=null ms, journal=null}, retryWrites=true, retryReads=true, readConcern=ReadConcern{level=null}, credential=MongoCredential{mechanism=null, userName='hindustanlive', source='admin', password=<hidden>, mechanismProperties=<hidden>}, transportSettings=null, commandListeners=[], codecRegistry=ProvidersCodecRegistry{codecProviders=[ValueCodecProvider{}, BsonValueCodecProvider{}, DBRefCodecProvider{}, DBObjectCodecProvider{}, DocumentCodecProvider{}, CollectionCodecProvider{}, IterableCodecProvider{}, MapCodecProvider{}, GeoJsonCodecProvider{}, GridFSFileCodecProvider{}, Jsr310CodecProvider{}, JsonObjectCodecProvider{}, BsonCodecProvider{}, EnumCodecProvider{}, com.mongodb.client.model.mql.ExpressionCodecProvider@fd413fb, com.mongodb.Jep395RecordCodecProvider@1e1232cf, com.mongodb.KotlinCodecProvider@6f6efa4f]}, loggerSettings=LoggerSettings{maxDocumentLength=1000}, clusterSettings={hosts=[127.0.0.1:27017], srvHost=cluster0.irsd6.mongodb.net, srvServiceName=mongodb, mode=MULTIPLE, requiredClusterType=REPLICA_SET, requiredReplicaSetName='atlas-144l31-shard-0', serverSelector='null', clusterListeners='[]', serverSelectionTimeout='30000 ms', localThreshold='15 ms'}, socketSettings=SocketSettings{connectTimeoutMS=10000, readTimeoutMS=0, receiveBufferSize=0, proxySettings=ProxySettings{host=null, port=null, username=null, password=null}}, heartbeatSocketSettings=SocketSettings{connectTimeoutMS=10000, readTimeoutMS=10000, receiveBufferSize=0, proxySettings=ProxySettings{host=null, port=null, username=null, password=null}}, connectionPoolSettings=ConnectionPoolSettings{maxSize=100, minSize=0, maxWaitTimeMS=120000, maxConnectionLifeTimeMS=0, maxConnectionIdleTimeMS=0, maintenanceInitialDelayMS=0, maintenanceFrequencyMS=60000, connectionPoolListeners=[], maxConnecting=2}, serverSettings=ServerSettings{heartbeatFrequencyMS=10000, minHeartbeatFrequencyMS=500, serverMonitoringMode=AUTO, serverListeners='[]', serverMonitorListeners='[]'}, sslSettings=SslSettings{enabled=true, invalidHostNameAllowed=false, context=null}, applicationName='null', compressorList=[], uuidRepresentation=JAVA_LEGACY, serverApi=null, autoEncryptionSettings=null, dnsClient=null, inetAddressResolver=null, contextProvider=null, timeoutMS=null}
2025-01-16T17:00:35.029+05:30  INFO 10020 --- [TheHindustanLive] [sd6.mongodb.net] org.mongodb.driver.cluster               : Adding discovered server cluster0-shard-00-00.irsd6.mongodb.net:27017 to client view of cluster
2025-01-16T17:00:35.038+05:30  INFO 10020 --- [TheHindustanLive] [sd6.mongodb.net] org.mongodb.driver.cluster               : Adding discovered server cluster0-shard-00-02.irsd6.mongodb.net:27017 to client view of cluster
2025-01-16T17:00:35.044+05:30  INFO 10020 --- [TheHindustanLive] [sd6.mongodb.net] org.mongodb.driver.cluster               : Adding discovered server cluster0-shard-00-01.irsd6.mongodb.net:27017 to client view of cluster
2025-01-16T17:00:35.374+05:30  INFO 10020 --- [TheHindustanLive] [           main] t.TheHindustanLiveApplicationTests       : Started TheHindustanLiveApplicationTests in 9.579 seconds (process running for 12.519)
2025-01-16T17:00:35.689+05:30  INFO 10020 --- [TheHindustanLive] [ngodb.net:27017] org.mongodb.driver.cluster               : Monitor thread successfully connected to server with description ServerDescription{address=cluster0-shard-00-01.irsd6.mongodb.net:27017, type=REPLICA_SET_SECONDARY, cryptd=false, state=CONNECTED, ok=true, minWireVersion=0, maxWireVersion=25, maxDocumentSize=16777216, logicalSessionTimeoutMinutes=30, roundTripTimeNanos=248192700, minRoundTripTimeNanos=0, setName='atlas-144l31-shard-0', canonicalAddress=cluster0-shard-00-01.irsd6.mongodb.net:27017, hosts=[cluster0-shard-00-01.irsd6.mongodb.net:27017, cluster0-shard-00-02.irsd6.mongodb.net:27017, cluster0-shard-00-00.irsd6.mongodb.net:27017], passives=[], arbiters=[], primary='cluster0-shard-00-02.irsd6.mongodb.net:27017', tagSet=TagSet{[Tag{name='availabilityZone', value='aps1-az3'}, Tag{name='diskState', value='READY'}, Tag{name='nodeType', value='ELECTABLE'}, Tag{name='provider', value='AWS'}, Tag{name='region', value='AP_SOUTH_1'}, Tag{name='workloadType', value='OPERATIONAL'}]}, electionId=null, setVersion=199, topologyVersion=TopologyVersion{processId=6788c4daee254af8fdbdfb87, counter=3}, lastWriteDate=Thu Jan 16 17:00:34 IST 2025, lastUpdateTimeNanos=416612665800}
2025-01-16T17:00:35.708+05:30  INFO 10020 --- [TheHindustanLive] [ngodb.net:27017] org.mongodb.driver.cluster               : Monitor thread successfully connected to server with description ServerDescription{address=cluster0-shard-00-00.irsd6.mongodb.net:27017, type=REPLICA_SET_SECONDARY, cryptd=false, state=CONNECTED, ok=true, minWireVersion=0, maxWireVersion=25, maxDocumentSize=16777216, logicalSessionTimeoutMinutes=30, roundTripTimeNanos=273799800, minRoundTripTimeNanos=0, setName='atlas-144l31-shard-0', canonicalAddress=cluster0-shard-00-00.irsd6.mongodb.net:27017, hosts=[cluster0-shard-00-01.irsd6.mongodb.net:27017, cluster0-shard-00-02.irsd6.mongodb.net:27017, cluster0-shard-00-00.irsd6.mongodb.net:27017], passives=[], arbiters=[], primary='cluster0-shard-00-02.irsd6.mongodb.net:27017', tagSet=TagSet{[Tag{name='availabilityZone', value='aps1-az1'}, Tag{name='diskState', value='READY'}, Tag{name='nodeType', value='ELECTABLE'}, Tag{name='provider', value='AWS'}, Tag{name='region', value='AP_SOUTH_1'}, Tag{name='workloadType', value='OPERATIONAL'}]}, electionId=null, setVersion=199, topologyVersion=TopologyVersion{processId=6788c388272e0412e07941e7, counter=4}, lastWriteDate=Thu Jan 16 17:00:34 IST 2025, lastUpdateTimeNanos=416631819800}
2025-01-16T17:00:35.740+05:30  INFO 10020 --- [TheHindustanLive] [ngodb.net:27017] org.mongodb.driver.cluster               : Monitor thread successfully connected to server with description ServerDescription{address=cluster0-shard-00-02.irsd6.mongodb.net:27017, type=REPLICA_SET_PRIMARY, cryptd=false, state=CONNECTED, ok=true, minWireVersion=0, maxWireVersion=25, maxDocumentSize=16777216, logicalSessionTimeoutMinutes=30, roundTripTimeNanos=299604800, minRoundTripTimeNanos=0, setName='atlas-144l31-shard-0', canonicalAddress=cluster0-shard-00-02.irsd6.mongodb.net:27017, hosts=[cluster0-shard-00-01.irsd6.mongodb.net:27017, cluster0-shard-00-02.irsd6.mongodb.net:27017, cluster0-shard-00-00.irsd6.mongodb.net:27017], passives=[], arbiters=[], primary='cluster0-shard-00-02.irsd6.mongodb.net:27017', tagSet=TagSet{[Tag{name='availabilityZone', value='aps1-az2'}, Tag{name='diskState', value='READY'}, Tag{name='nodeType', value='ELECTABLE'}, Tag{name='provider', value='AWS'}, Tag{name='region', value='AP_SOUTH_1'}, Tag{name='workloadType', value='OPERATIONAL'}]}, electionId=7fffffff00000000000000a8, setVersion=199, topologyVersion=TopologyVersion{processId=6788c27b5474858d6fe09782, counter=6}, lastWriteDate=Thu Jan 16 17:00:34 IST 2025, lastUpdateTimeNanos=416663905100}
2025-01-16T17:00:35.744+05:30  INFO 10020 --- [TheHindustanLive] [ngodb.net:27017] org.mongodb.driver.cluster               : Discovered replica set primary cluster0-shard-00-02.irsd6.mongodb.net:27017 with max election id 7fffffff00000000000000a8 and max set version 199
]]></system-out>
  </testcase>
</testsuite>