<?xml version="1.0" encoding="UTF-8"?>
<testsuite xmlns:xsi="http://www.w3.org/2001/XMLSchema-instance" xsi:noNamespaceSchemaLocation="https://maven.apache.org/surefire/maven-surefire-plugin/xsd/surefire-test-report.xsd" version="3.0.2" name="theHindustanLive.TheHindustanLiveApplicationTests" time="13.818" tests="1" errors="0" skipped="0" failures="0">
  <properties>
[...]
</properties>
  <testcase name="contextLoads" classname="theHindustanLive.TheHindustanLiveApplicationTests" time="2.384">
    <system-out><![CDATA[13:57:10.577 [main] INFO org.springframework.test.context.support.AnnotationConfigContextLoaderUtils -- Could not detect default configuration classes for test class [theHindustanLive.TheHindustanLiveApplicationTests]: TheHindustanLiveApplicationTests does not declare any static, non-private, non-final, nested classes annotated with @Configuration.
13:57:11.158 [main] INFO org.springframework.boot.test.context.SpringBootTestContextBootstrapper -- Found @SpringBootConfiguration theHindustanLive.TheHindustanLiveApplication for test class theHindustanLive.TheHindustanLiveApplicationTests
13:57:11.767 [main] INFO org.springframework.boot.devtools.restart.RestartApplicationListener -- Restart disabled due to context in which it is running

  .   ____          _            __ _ _
 /\\ / ___'_ __ _ _(_)_ __  __ _ \ \ \ \
( ( )\___ | '_ | '_| | '_ \/ _` | \ \ \ \
 \\/  ___)| |_)| | | | | || (_| |  ) ) ) )
  '  |____| .__|_| |_|_| |_\__, | / / / /
 =========|_|==============|___/=/_/_/_/

 :: Spring Boot ::                (v3.4.0)

2025-01-16T13:57:12.697+05:30  INFO 7780 --- [TheHindustanLive] [           main] t.TheHindustanLiveApplicationTests       : Starting TheHindustanLiveApplicationTests using Java 17.0.11 with PID 7780 (started by DELL in E:\hindustanlive\Hindustan backend\hindustan-live)
2025-01-16T13:57:12.704+05:30  INFO 7780 --- [TheHindustanLive] [           main] t.TheHindustanLiveApplicationTests       : No active profile set, falling back to 1 default profile: "default"
2025-01-16T13:57:15.666+05:30  INFO 7780 --- [TheHindustanLive] [           main] .s.d.r.c.RepositoryConfigurationDelegate : Bootstrapping Spring Data Reactive MongoDB repositories in DEFAULT mode.
2025-01-16T13:57:16.048+05:30  INFO 7780 --- [TheHindustanLive] [           main] .s.d.r.c.RepositoryConfigurationDelegate : Finished Spring Data repository scanning in 365 ms. Found 0 Reactive MongoDB repository interfaces.
2025-01-16T13:57:16.069+05:30  INFO 7780 --- [TheHindustanLive] [           main] .s.d.r.c.RepositoryConfigurationDelegate : Bootstrapping Spring Data MongoDB repositories in DEFAULT mode.
2025-01-16T13:57:16.128+05:30  INFO 7780 --- [TheHindustanLive] [           main] .s.d.r.c.RepositoryConfigurationDelegate : Finished Spring Data repository scanning in 54 ms. Found 2 MongoDB repository interfaces.
2025-01-16T13:57:17.603+05:30  INFO 7780 --- [TheHindustanLive] [sd6.mongodb.net] org.mongodb.driver.cluster               : Adding discovered server cluster0-shard-00-00.irsd6.mongodb.net:27017 to client view of cluster
2025-01-16T13:57:17.646+05:30  INFO 7780 --- [TheHindustanLive] [           main] org.mongodb.driver.client                : MongoClient with metadata {"driver": {"name": "mongo-java-driver|sync|spring-boot", "version": "5.2.1"}, "os": {"type": "Windows", "name": "Windows 10", "architecture": "amd64", "version": "10.0"}, "platform": "Java/Oracle Corporation/17.0.11+7-LTS-207"} created with settings MongoClientSettings{readPreference=primary, writeConcern=WriteConcern{w=majority, wTimeout=null ms, journal=null}, retryWrites=true, retryReads=true, readConcern=ReadConcern{level=null}, credential=MongoCredential{mechanism=null, userName='hindustanlive', source='admin', password=<hidden>, mechanismProperties=<hidden>}, transportSettings=null, commandListeners=[], codecRegistry=ProvidersCodecRegistry{codecProviders=[ValueCodecProvider{}, BsonValueCodecProvider{}, DBRefCodecProvider{}, DBObjectCodecProvider{}, DocumentCodecProvider{}, CollectionCodecProvider{}, IterableCodecProvider{}, MapCodecProvider{}, GeoJsonCodecProvider{}, GridFSFileCodecProvider{}, Jsr310CodecProvider{}, JsonObjectCodecProvider{}, BsonCodecProvider{}, EnumCodecProvider{}, com.mongodb.client.model.mql.ExpressionCodecProvider@5f0bab7e, com.mongodb.Jep395RecordCodecProvider@3a7b2e2, com.mongodb.KotlinCodecProvider@337a6d30]}, loggerSettings=LoggerSettings{maxDocumentLength=1000}, clusterSettings={hosts=[127.0.0.1:27017], srvHost=cluster0.irsd6.mongodb.net, srvServiceName=mongodb, mode=MULTIPLE, requiredClusterType=REPLICA_SET, requiredReplicaSetName='atlas-144l31-shard-0', serverSelector='null', clusterListeners='[]', serverSelectionTimeout='30000 ms', localThreshold='15 ms'}, socketSettings=SocketSettings{connectTimeoutMS=10000, readTimeoutMS=0, receiveBufferSize=0, proxySettings=ProxySettings{host=null, port=null, username=null, password=null}}, heartbeatSocketSettings=SocketSettings{connectTimeoutMS=10000, readTimeoutMS=10000, receiveBufferSize=0, proxySettings=ProxySettings{host=null, port=null, username=null, password=null}}, connectionPoolSettings=ConnectionPoolSettings{maxSize=100, minSize=0, maxWaitTimeMS=120000, maxConnectionLifeTimeMS=0, maxConnectionIdleTimeMS=0, maintenanceInitialDelayMS=0, maintenanceFrequencyMS=60000, connectionPoolListeners=[], maxConnecting=2}, serverSettings=ServerSettings{heartbeatFrequencyMS=10000, minHeartbeatFrequencyMS=500, serverMonitoringMode=AUTO, serverListeners='[]', serverMonitorListeners='[]'}, sslSettings=SslSettings{enabled=true, invalidHostNameAllowed=false, context=null}, applicationName='null', compressorList=[], uuidRepresentation=JAVA_LEGACY, serverApi=null, autoEncryptionSettings=null, dnsClient=null, inetAddressResolver=null, contextProvider=null, timeoutMS=null}
2025-01-16T13:57:17.695+05:30  INFO 7780 --- [TheHindustanLive] [sd6.mongodb.net] org.mongodb.driver.cluster               : Adding discovered server cluster0-shard-00-02.irsd6.mongodb.net:27017 to client view of cluster
2025-01-16T13:57:17.712+05:30  INFO 7780 --- [TheHindustanLive] [sd6.mongodb.net] org.mongodb.driver.cluster               : Adding discovered server cluster0-shard-00-01.irsd6.mongodb.net:27017 to client view of cluster
2025-01-16T13:57:19.439+05:30  INFO 7780 --- [TheHindustanLive] [ngodb.net:27017] org.mongodb.driver.cluster               : Monitor thread successfully connected to server with description ServerDescription{address=cluster0-shard-00-00.irsd6.mongodb.net:27017, type=REPLICA_SET_SECONDARY, cryptd=false, state=CONNECTED, ok=true, minWireVersion=0, maxWireVersion=25, maxDocumentSize=16777216, logicalSessionTimeoutMinutes=30, roundTripTimeNanos=974152400, minRoundTripTimeNanos=0, setName='atlas-144l31-shard-0', canonicalAddress=cluster0-shard-00-00.irsd6.mongodb.net:27017, hosts=[cluster0-shard-00-01.irsd6.mongodb.net:27017, cluster0-shard-00-02.irsd6.mongodb.net:27017, cluster0-shard-00-00.irsd6.mongodb.net:27017], passives=[], arbiters=[], primary='cluster0-shard-00-01.irsd6.mongodb.net:27017', tagSet=TagSet{[Tag{name='availabilityZone', value='aps1-az1'}, Tag{name='diskState', value='READY'}, Tag{name='nodeType', value='ELECTABLE'}, Tag{name='provider', value='AWS'}, Tag{name='region', value='AP_SOUTH_1'}, Tag{name='workloadType', value='OPERATIONAL'}]}, electionId=null, setVersion=199, topologyVersion=TopologyVersion{processId=678884ad6ec4c745f1e59b28, counter=5}, lastWriteDate=Thu Jan 16 13:57:18 IST 2025, lastUpdateTimeNanos=12062357738200}
2025-01-16T13:57:19.439+05:30  INFO 7780 --- [TheHindustanLive] [ngodb.net:27017] org.mongodb.driver.cluster               : Monitor thread successfully connected to server with description ServerDescription{address=cluster0-shard-00-02.irsd6.mongodb.net:27017, type=REPLICA_SET_SECONDARY, cryptd=false, state=CONNECTED, ok=true, minWireVersion=0, maxWireVersion=25, maxDocumentSize=16777216, logicalSessionTimeoutMinutes=30, roundTripTimeNanos=975184500, minRoundTripTimeNanos=0, setName='atlas-144l31-shard-0', canonicalAddress=cluster0-shard-00-02.irsd6.mongodb.net:27017, hosts=[cluster0-shard-00-01.irsd6.mongodb.net:27017, cluster0-shard-00-02.irsd6.mongodb.net:27017, cluster0-shard-00-00.irsd6.mongodb.net:27017], passives=[], arbiters=[], primary='cluster0-shard-00-01.irsd6.mongodb.net:27017', tagSet=TagSet{[Tag{name='availabilityZone', value='aps1-az2'}, Tag{name='diskState', value='READY'}, Tag{name='nodeType', value='ELECTABLE'}, Tag{name='provider', value='AWS'}, Tag{name='region', value='AP_SOUTH_1'}, Tag{name='workloadType', value='OPERATIONAL'}]}, electionId=null, setVersion=199, topologyVersion=TopologyVersion{processId=6788c27b5474858d6fe09782, counter=3}, lastWriteDate=Thu Jan 16 13:57:18 IST 2025, lastUpdateTimeNanos=12062358779900}
2025-01-16T13:57:19.444+05:30  INFO 7780 --- [TheHindustanLive] [ngodb.net:27017] org.mongodb.driver.cluster               : Monitor thread successfully connected to server with description ServerDescription{address=cluster0-shard-00-01.irsd6.mongodb.net:27017, type=REPLICA_SET_PRIMARY, cryptd=false, state=CONNECTED, ok=true, minWireVersion=0, maxWireVersion=25, maxDocumentSize=16777216, logicalSessionTimeoutMinutes=30, roundTripTimeNanos=975857400, minRoundTripTimeNanos=0, setName='atlas-144l31-shard-0', canonicalAddress=cluster0-shard-00-01.irsd6.mongodb.net:27017, hosts=[cluster0-shard-00-01.irsd6.mongodb.net:27017, cluster0-shard-00-02.irsd6.mongodb.net:27017, cluster0-shard-00-00.irsd6.mongodb.net:27017], passives=[], arbiters=[], primary='cluster0-shard-00-01.irsd6.mongodb.net:27017', tagSet=TagSet{[Tag{name='availabilityZone', value='aps1-az3'}, Tag{name='diskState', value='READY'}, Tag{name='nodeType', value='ELECTABLE'}, Tag{name='provider', value='AWS'}, Tag{name='region', value='AP_SOUTH_1'}, Tag{name='workloadType', value='OPERATIONAL'}]}, electionId=7fffffff00000000000000a7, setVersion=199, topologyVersion=TopologyVersion{processId=678883e5215c2fb128920a7d, counter=9}, lastWriteDate=Thu Jan 16 13:57:18 IST 2025, lastUpdateTimeNanos=12062357594600}
2025-01-16T13:57:19.454+05:30  INFO 7780 --- [TheHindustanLive] [ngodb.net:27017] org.mongodb.driver.cluster               : Discovered replica set primary cluster0-shard-00-01.irsd6.mongodb.net:27017 with max election id 7fffffff00000000000000a7 and max set version 199
2025-01-16T13:57:20.804+05:30  INFO 7780 --- [TheHindustanLive] [sd6.mongodb.net] org.mongodb.driver.cluster               : Adding discovered server cluster0-shard-00-00.irsd6.mongodb.net:27017 to client view of cluster
2025-01-16T13:57:20.811+05:30  INFO 7780 --- [TheHindustanLive] [sd6.mongodb.net] org.mongodb.driver.cluster               : Adding discovered server cluster0-shard-00-02.irsd6.mongodb.net:27017 to client view of cluster
2025-01-16T13:57:20.819+05:30  INFO 7780 --- [TheHindustanLive] [sd6.mongodb.net] org.mongodb.driver.cluster               : Adding discovered server cluster0-shard-00-01.irsd6.mongodb.net:27017 to client view of cluster
2025-01-16T13:57:20.867+05:30  INFO 7780 --- [TheHindustanLive] [           main] org.mongodb.driver.client                : MongoClient with metadata {"driver": {"name": "mongo-java-driver|reactive-streams|spring-boot", "version": "5.2.1"}, "os": {"type": "Windows", "name": "Windows 10", "architecture": "amd64", "version": "10.0"}, "platform": "Java/Oracle Corporation/17.0.11+7-LTS-207"} created with settings MongoClientSettings{readPreference=primary, writeConcern=WriteConcern{w=majority, wTimeout=null ms, journal=null}, retryWrites=true, retryReads=true, readConcern=ReadConcern{level=null}, credential=MongoCredential{mechanism=null, userName='hindustanlive', source='admin', password=<hidden>, mechanismProperties=<hidden>}, transportSettings=null, commandListeners=[], codecRegistry=ProvidersCodecRegistry{codecProviders=[ValueCodecProvider{}, BsonValueCodecProvider{}, DBRefCodecProvider{}, DBObjectCodecProvider{}, DocumentCodecProvider{}, CollectionCodecProvider{}, IterableCodecProvider{}, MapCodecProvider{}, GeoJsonCodecProvider{}, GridFSFileCodecProvider{}, Jsr310CodecProvider{}, JsonObjectCodecProvider{}, BsonCodecProvider{}, EnumCodecProvider{}, com.mongodb.client.model.mql.ExpressionCodecProvider@5f0bab7e, com.mongodb.Jep395RecordCodecProvider@3a7b2e2, com.mongodb.KotlinCodecProvider@337a6d30]}, loggerSettings=LoggerSettings{maxDocumentLength=1000}, clusterSettings={hosts=[127.0.0.1:27017], srvHost=cluster0.irsd6.mongodb.net, srvServiceName=mongodb, mode=MULTIPLE, requiredClusterType=REPLICA_SET, requiredReplicaSetName='atlas-144l31-shard-0', serverSelector='null', clusterListeners='[]', serverSelectionTimeout='30000 ms', localThreshold='15 ms'}, socketSettings=SocketSettings{connectTimeoutMS=10000, readTimeoutMS=0, receiveBufferSize=0, proxySettings=ProxySettings{host=null, port=null, username=null, password=null}}, heartbeatSocketSettings=SocketSettings{connectTimeoutMS=10000, readTimeoutMS=10000, receiveBufferSize=0, proxySettings=ProxySettings{host=null, port=null, username=null, password=null}}, connectionPoolSettings=ConnectionPoolSettings{maxSize=100, minSize=0, maxWaitTimeMS=120000, maxConnectionLifeTimeMS=0, maxConnectionIdleTimeMS=0, maintenanceInitialDelayMS=0, maintenanceFrequencyMS=60000, connectionPoolListeners=[], maxConnecting=2}, serverSettings=ServerSettings{heartbeatFrequencyMS=10000, minHeartbeatFrequencyMS=500, serverMonitoringMode=AUTO, serverListeners='[]', serverMonitorListeners='[]'}, sslSettings=SslSettings{enabled=true, invalidHostNameAllowed=false, context=null}, applicationName='null', compressorList=[], uuidRepresentation=JAVA_LEGACY, serverApi=null, autoEncryptionSettings=null, dnsClient=null, inetAddressResolver=null, contextProvider=null, timeoutMS=null}
2025-01-16T13:57:21.258+05:30  INFO 7780 --- [TheHindustanLive] [ngodb.net:27017] org.mongodb.driver.cluster               : Monitor thread successfully connected to server with description ServerDescription{address=cluster0-shard-00-01.irsd6.mongodb.net:27017, type=REPLICA_SET_PRIMARY, cryptd=false, state=CONNECTED, ok=true, minWireVersion=0, maxWireVersion=25, maxDocumentSize=16777216, logicalSessionTimeoutMinutes=30, roundTripTimeNanos=177063500, minRoundTripTimeNanos=0, setName='atlas-144l31-shard-0', canonicalAddress=cluster0-shard-00-01.irsd6.mongodb.net:27017, hosts=[cluster0-shard-00-01.irsd6.mongodb.net:27017, cluster0-shard-00-02.irsd6.mongodb.net:27017, cluster0-shard-00-00.irsd6.mongodb.net:27017], passives=[], arbiters=[], primary='cluster0-shard-00-01.irsd6.mongodb.net:27017', tagSet=TagSet{[Tag{name='availabilityZone', value='aps1-az3'}, Tag{name='diskState', value='READY'}, Tag{name='nodeType', value='ELECTABLE'}, Tag{name='provider', value='AWS'}, Tag{name='region', value='AP_SOUTH_1'}, Tag{name='workloadType', value='OPERATIONAL'}]}, electionId=7fffffff00000000000000a7, setVersion=199, topologyVersion=TopologyVersion{processId=678883e5215c2fb128920a7d, counter=9}, lastWriteDate=Thu Jan 16 13:57:20 IST 2025, lastUpdateTimeNanos=12064187240500}
2025-01-16T13:57:21.261+05:30  INFO 7780 --- [TheHindustanLive] [ngodb.net:27017] org.mongodb.driver.cluster               : Discovered replica set primary cluster0-shard-00-01.irsd6.mongodb.net:27017 with max election id 7fffffff00000000000000a7 and max set version 199
2025-01-16T13:57:21.310+05:30  INFO 7780 --- [TheHindustanLive] [           main] t.TheHindustanLiveApplicationTests       : Started TheHindustanLiveApplicationTests in 9.586 seconds (process running for 14.126)
2025-01-16T13:57:21.315+05:30  INFO 7780 --- [TheHindustanLive] [ngodb.net:27017] org.mongodb.driver.cluster               : Monitor thread successfully connected to server with description ServerDescription{address=cluster0-shard-00-00.irsd6.mongodb.net:27017, type=REPLICA_SET_SECONDARY, cryptd=false, state=CONNECTED, ok=true, minWireVersion=0, maxWireVersion=25, maxDocumentSize=16777216, logicalSessionTimeoutMinutes=30, roundTripTimeNanos=307128800, minRoundTripTimeNanos=0, setName='atlas-144l31-shard-0', canonicalAddress=cluster0-shard-00-00.irsd6.mongodb.net:27017, hosts=[cluster0-shard-00-01.irsd6.mongodb.net:27017, cluster0-shard-00-02.irsd6.mongodb.net:27017, cluster0-shard-00-00.irsd6.mongodb.net:27017], passives=[], arbiters=[], primary='cluster0-shard-00-01.irsd6.mongodb.net:27017', tagSet=TagSet{[Tag{name='availabilityZone', value='aps1-az1'}, Tag{name='diskState', value='READY'}, Tag{name='nodeType', value='ELECTABLE'}, Tag{name='provider', value='AWS'}, Tag{name='region', value='AP_SOUTH_1'}, Tag{name='workloadType', value='OPERATIONAL'}]}, electionId=null, setVersion=199, topologyVersion=TopologyVersion{processId=678884ad6ec4c745f1e59b28, counter=5}, lastWriteDate=Thu Jan 16 13:57:20 IST 2025, lastUpdateTimeNanos=12064244092100}
2025-01-16T13:57:21.421+05:30  INFO 7780 --- [TheHindustanLive] [ngodb.net:27017] org.mongodb.driver.cluster               : Monitor thread successfully connected to server with description ServerDescription{address=cluster0-shard-00-02.irsd6.mongodb.net:27017, type=REPLICA_SET_SECONDARY, cryptd=false, state=CONNECTED, ok=true, minWireVersion=0, maxWireVersion=25, maxDocumentSize=16777216, logicalSessionTimeoutMinutes=30, roundTripTimeNanos=293921000, minRoundTripTimeNanos=0, setName='atlas-144l31-shard-0', canonicalAddress=cluster0-shard-00-02.irsd6.mongodb.net:27017, hosts=[cluster0-shard-00-01.irsd6.mongodb.net:27017, cluster0-shard-00-02.irsd6.mongodb.net:27017, cluster0-shard-00-00.irsd6.mongodb.net:27017], passives=[], arbiters=[], primary='cluster0-shard-00-01.irsd6.mongodb.net:27017', tagSet=TagSet{[Tag{name='availabilityZone', value='aps1-az2'}, Tag{name='diskState', value='READY'}, Tag{name='nodeType', value='ELECTABLE'}, Tag{name='provider', value='AWS'}, Tag{name='region', value='AP_SOUTH_1'}, Tag{name='workloadType', value='OPERATIONAL'}]}, electionId=null, setVersion=199, topologyVersion=TopologyVersion{processId=6788c27b5474858d6fe09782, counter=3}, lastWriteDate=Thu Jan 16 13:57:20 IST 2025, lastUpdateTimeNanos=12064350660400}
]]></system-out>
  </testcase>
</testsuite>